  cube.cpp
  lodepng.cpp
C:\Users\Julia\Desktop\g3d_st_04_win\lodepng.cpp(762,10): warning C4334: "<<": wynik 32-bitowe przesunięcia niejawnie skonwertowano do 64 bitów (czy 64-bitowe przesunięcie było zamierzone?)
C:\Users\Julia\Desktop\g3d_st_04_win\lodepng.cpp(1422,25): warning C4267: "=": konwersja z "size_t" do "int", możliwa utrata danych
C:\Users\Julia\Desktop\g3d_st_04_win\lodepng.cpp(1426,27): warning C4267: "=": konwersja z "size_t" do "int", możliwa utrata danych
C:\Users\Julia\Desktop\g3d_st_04_win\lodepng.cpp(1498,40): warning C4267: "=": konwersja z "size_t" do "unsigned int", możliwa utrata danych
C:\Users\Julia\Desktop\g3d_st_04_win\lodepng.cpp(3441,25): warning C4334: "<<": wynik 32-bitowe przesunięcia niejawnie skonwertowano do 64 bitów (czy 64-bitowe przesunięcie było zamierzone?)
C:\Users\Julia\Desktop\g3d_st_04_win\lodepng.cpp(3455,53): warning C4267: "argument": konwersja z "size_t" do "unsigned int", możliwa utrata danych
C:\Users\Julia\Desktop\g3d_st_04_win\lodepng.cpp(4262,42): warning C4267: "=": konwersja z "size_t" do "unsigned int", możliwa utrata danych
C:\Users\Julia\Desktop\g3d_st_04_win\lodepng.cpp(4310,26): warning C4267: "=": konwersja z "size_t" do "unsigned int", możliwa utrata danych
C:\Users\Julia\Desktop\g3d_st_04_win\lodepng.cpp(4390,34): warning C4267: "=": konwersja z "size_t" do "unsigned int", możliwa utrata danych
C:\Users\Julia\Desktop\g3d_st_04_win\lodepng.cpp(5329,27): warning C4267: "inicjowanie": konwersja z "size_t" do "unsigned int", możliwa utrata danych
  main_file.cpp
C:\Users\Julia\Desktop\g3d_st_04_win\main_file.cpp(168,18): warning C4244: "+=": konwersja z "double" do "float", możliwa utrata danych
  model.cpp
  modelproba.cpp
C:\Users\Julia\Desktop\g3d_st_04_win\modelproba.cpp(101,44): warning C4267: "=": konwersja z "size_t" do "int", możliwa utrata danych
  shaderprogram.cpp
C:\Users\Julia\Desktop\g3d_st_04_win\shaderprogram.cpp(60,15): warning C4267: "inicjowanie": konwersja z "size_t" do "int", możliwa utrata danych
  sphere.cpp
C:\Users\Julia\Desktop\g3d_st_04_win\sphere.cpp(123,36): warning C4267: "=": konwersja z "size_t" do "int", możliwa utrata danych
  teapot.cpp
  torus.cpp
C:\Users\Julia\Desktop\g3d_st_04_win\torus.cpp(123,36): warning C4267: "=": konwersja z "size_t" do "int", możliwa utrata danych
  Generowanie kodu...
glew32s.lib(glew.obj) : warning LNK4099: nie znaleziono pliku PDB „vc120.pdb” z elementem „glew32s.lib(glew.obj)” lub w pozycji „C:\Users\Julia\Desktop\g3d_st_04_win\x64\Debug\vc120.pdb”; obiekt zostanie skonsolidowany bez informacji debugowania
  g3d_st_04_win.vcxproj -> C:\Users\Julia\Desktop\g3d_st_04_win\x64\Debug\Grafika 3D projekt.exe
